<?xml version="1.0" encoding="UTF-8"?>
<!-- Generated by org.testng.reporters.JUnitXMLReporter -->
<testsuite ignored="0" hostname="DESKTOP-TA2JTMN" failures="1" tests="2" name="Test2" time="82.289" errors="0" timestamp="2024-09-16T14:46:37 CET">
  <testcase classname="com.tescase.ReserverGuideHajjTest" name="testLogin" time="18.725"/>
  <testcase classname="com.tescase.ReserverGuideHajjTest" name="reserveGuideTest" time="47.294">
    <failure type="org.openqa.selenium.WebDriverException" message="An unknown server-side error occurred while processing the command. Original error: The process has received SIGINT signal
Build info: version: &amp;apos;4.24.0&amp;apos;, revision: &amp;apos;748ffc9bc3&amp;apos;
System info: os.name: &amp;apos;Windows 11&amp;apos;, os.arch: &amp;apos;amd64&amp;apos;, os.version: &amp;apos;10.0&amp;apos;, java.version: &amp;apos;17.0.11&amp;apos;
Driver info: io.appium.java_client.android.AndroidDriver
Command: [990cb8c6-66fb-4b03-aeaf-050c3cc803fa, findElement {using=xpath, value=//android.widget.TextView[@text=&amp;apos;749 €&amp;apos;]}]
Capabilities {appium:app: C:\Users\user\eclipseworksp..., appium:appPackage: com.rbonecustomrah.app, appium:automationName: uiAutomator2, appium:databaseEnabled: false, appium:desired: {app: C:\Users\user\eclipseworksp..., automationName: uiAutomator2, deviceName: smart6px, platForm: 15, platformName: ANDROID}, appium:deviceApiLevel: 35, appium:deviceManufacturer: Google, appium:deviceModel: sdk_gphone16k_x86_64, appium:deviceName: emulator-5554, appium:deviceScreenDensity: 400, appium:deviceScreenSize: 1080x2160, appium:deviceUDID: emulator-5554, appium:javascriptEnabled: true, appium:locationContextEnabled: false, appium:networkConnectionEnabled: true, appium:pixelRatio: 2.5, appium:platForm: 15, appium:platformVersion: 15, appium:statBarHeight: 60, appium:takesScreenshot: true, appium:viewportRect: {height: 2100, left: 0, top: 60, width: 1080}, appium:warnings: {}, appium:webStorageEnabled: false, platformName: ANDROID}
Session ID: 990cb8c6-66fb-4b03-aeaf-050c3cc803fa">
      <![CDATA[org.openqa.selenium.WebDriverException: An unknown server-side error occurred while processing the command. Original error: The process has received SIGINT signal
Build info: version: '4.24.0', revision: '748ffc9bc3'
System info: os.name: 'Windows 11', os.arch: 'amd64', os.version: '10.0', java.version: '17.0.11'
Driver info: io.appium.java_client.android.AndroidDriver
Command: [990cb8c6-66fb-4b03-aeaf-050c3cc803fa, findElement {using=xpath, value=//android.widget.TextView[@text='749 €']}]
Capabilities {appium:app: C:\Users\user\eclipseworksp..., appium:appPackage: com.rbonecustomrah.app, appium:automationName: uiAutomator2, appium:databaseEnabled: false, appium:desired: {app: C:\Users\user\eclipseworksp..., automationName: uiAutomator2, deviceName: smart6px, platForm: 15, platformName: ANDROID}, appium:deviceApiLevel: 35, appium:deviceManufacturer: Google, appium:deviceModel: sdk_gphone16k_x86_64, appium:deviceName: emulator-5554, appium:deviceScreenDensity: 400, appium:deviceScreenSize: 1080x2160, appium:deviceUDID: emulator-5554, appium:javascriptEnabled: true, appium:locationContextEnabled: false, appium:networkConnectionEnabled: true, appium:pixelRatio: 2.5, appium:platForm: 15, appium:platformVersion: 15, appium:statBarHeight: 60, appium:takesScreenshot: true, appium:viewportRect: {height: 2100, left: 0, top: 60, width: 1080}, appium:warnings: {}, appium:webStorageEnabled: false, platformName: ANDROID}
Session ID: 990cb8c6-66fb-4b03-aeaf-050c3cc803fa
at org.openqa.selenium.remote.ErrorCodec.decode(ErrorCodec.java:167)
at org.openqa.selenium.remote.codec.w3c.W3CHttpResponseCodec.decode(W3CHttpResponseCodec.java:138)
at org.openqa.selenium.remote.codec.w3c.W3CHttpResponseCodec.decode(W3CHttpResponseCodec.java:50)
at org.openqa.selenium.remote.HttpCommandExecutor.execute(HttpCommandExecutor.java:190)
at io.appium.java_client.remote.AppiumCommandExecutor.execute(AppiumCommandExecutor.java:237)
at org.openqa.selenium.remote.RemoteWebDriver.execute(RemoteWebDriver.java:545)
at org.openqa.selenium.remote.ElementLocation$ElementFinder$2.findElement(ElementLocation.java:165)
at org.openqa.selenium.remote.ElementLocation.findElement(ElementLocation.java:59)
at org.openqa.selenium.remote.RemoteWebDriver.findElement(RemoteWebDriver.java:368)
at org.openqa.selenium.remote.RemoteWebDriver.findElement(RemoteWebDriver.java:362)
at org.openqa.selenium.support.pagefactory.DefaultElementLocator.findElement(DefaultElementLocator.java:68)
at org.openqa.selenium.support.pagefactory.internal.LocatingElementHandler.invoke(LocatingElementHandler.java:38)
at jdk.proxy2/jdk.proxy2.$Proxy12.getText(Unknown Source)
at com.pages.ReserverGuideHajjPage.returnPrixGuide(ReserverGuideHajjPage.java:108)
at com.tescase.ReserverGuideHajjTest.reserveGuideTest(ReserverGuideHajjTest.java:69)
at java.base/java.util.ArrayList.forEach(ArrayList.java:1511)
... Removed 32 stack frames]]>
    </failure>
  </testcase> <!-- reserveGuideTest -->
</testsuite> <!-- Test2 -->
